  compilation code save succeeded; see C:\Users\2210080\Documents\teamProject2-2\Shader\DebugPS.cod
  compilation object save succeeded; see C:\Users\2210080\Documents\teamProject2-2\Shader\DebugPS.cso
  compilation code save succeeded; see C:\Users\2210080\Documents\teamProject2-2\Shader\DebugVS.cod
  compilation object save succeeded; see C:\Users\2210080\Documents\teamProject2-2\Shader\DebugVS.cso
  compilation code save succeeded; see C:\Users\2210080\Documents\teamProject2-2\Shader\ImGuiPS.cod
  compilation object save succeeded; see C:\Users\2210080\Documents\teamProject2-2\Shader\ImGuiPS.cso
  compilation code save succeeded; see C:\Users\2210080\Documents\teamProject2-2\Shader\ImGuiVS.cod
  compilation object save succeeded; see C:\Users\2210080\Documents\teamProject2-2\Shader\ImGuiVS.cso
  compilation code save succeeded; see C:\Users\2210080\Documents\teamProject2-2\Shader\LambertPS.cod
  compilation object save succeeded; see C:\Users\2210080\Documents\teamProject2-2\Shader\LambertPS.cso
  compilation code save succeeded; see C:\Users\2210080\Documents\teamProject2-2\Shader\LambertVS.cod
  compilation object save succeeded; see C:\Users\2210080\Documents\teamProject2-2\Shader\LambertVS.cso
  compilation code save succeeded; see C:\Users\2210080\Documents\teamProject2-2\Shader\LinePS.cod
  compilation object save succeeded; see C:\Users\2210080\Documents\teamProject2-2\Shader\LinePS.cso
  compilation code save succeeded; see C:\Users\2210080\Documents\teamProject2-2\Shader\LineVS.cod
  compilation object save succeeded; see C:\Users\2210080\Documents\teamProject2-2\Shader\LineVS.cso
  compilation code save succeeded; see C:\Users\2210080\Documents\teamProject2-2\Shader\SpritePS.cod
  compilation object save succeeded; see C:\Users\2210080\Documents\teamProject2-2\Shader\SpritePS.cso
  compilation code save succeeded; see C:\Users\2210080\Documents\teamProject2-2\Shader\SpriteVS.cod
  compilation object save succeeded; see C:\Users\2210080\Documents\teamProject2-2\Shader\SpriteVS.cso
  WICTextureLoader.cpp
  imgui.cpp
  imgui_demo.cpp
  imgui_draw.cpp
  imgui_widgets.cpp
  Audio.cpp
  AudioResource.cpp
  AudioSource.cpp
  Camera.cpp
  CameraController.cpp
  Character.cpp
  Collision.cpp
  Effect.cpp
  EffectManager.cpp
  Enemy.cpp
  EnemyManager.cpp
  EnemySlime.cpp
  Framework.cpp
  DebugRenderer.cpp
  Graphics.cpp
  ImGuiRenderer.cpp
  LambertShader.cpp
  LineRenderer.cpp
  Model.cpp
  ModelResource.cpp
  Sprite.cpp
  GamePad.cpp
  Input.cpp
  Mouse.cpp
  Logger.cpp
  Main.cpp
  Player.cpp
  SceneGame.cpp
  SceneLoading.cpp
  SceneManager.cpp
  SceneTitle.cpp
  StageMain.cpp
C:\Users\2210080\Documents\teamProject2-2\Source\Graphics\Model.cpp(25,24): warning C4267: '=': 'size_t' から 'int' に変換しました。データが失われているかもしれません。
C:\Users\2210080\Documents\teamProject2-2\Source\StageMain.cpp(105,12): warning C4244: '初期化中': 'float' から 'int' への変換です。データが失われる可能性があります。
C:\Users\2210080\Documents\teamProject2-2\Source\StageMain.cpp(106,12): warning C4244: '初期化中': 'float' から 'int' への変換です。データが失われる可能性があります。
C:\Users\2210080\Documents\teamProject2-2\Source\StageMain.cpp(107,12): warning C4244: '初期化中': 'float' から 'int' への変換です。データが失われる可能性があります。
C:\Users\2210080\Documents\teamProject2-2\Source\StageMain.cpp(113,36): warning C4244: '=': 'float' から 'int' への変換です。データが失われる可能性があります。
C:\Users\2210080\Documents\teamProject2-2\Source\StageMain.cpp(114,36): warning C4244: '=': 'float' から 'int' への変換です。データが失われる可能性があります。
C:\Users\2210080\Documents\teamProject2-2\Source\StageMain.cpp(115,33): warning C4244: '=': 'float' から 'int' への変換です。データが失われる可能性があります。
C:\Users\2210080\Documents\teamProject2-2\Source\StageMain.cpp(127,12): warning C4244: '初期化中': 'float' から 'int' への変換です。データが失われる可能性があります。
C:\Users\2210080\Documents\teamProject2-2\Source\StageMain.cpp(128,12): warning C4244: '初期化中': 'float' から 'int' への変換です。データが失われる可能性があります。
C:\Users\2210080\Documents\teamProject2-2\Source\StageMain.cpp(129,12): warning C4244: '初期化中': 'float' から 'int' への変換です。データが失われる可能性があります。
C:\Users\2210080\Documents\teamProject2-2\Source\SceneGame.cpp(257,72): warning C4244: '引数': 'int' から 'float' への変換です。データが失われる可能性があります。
     ライブラリ bin\x64\Debug\Game.lib とオブジェクト bin\x64\Debug\Game.exp を作成中
  Game.vcxproj -> C:\Users\2210080\Documents\teamProject2-2\bin\x64\Debug\Game.exe
