c:\users\2210080\documents\授業関連\2年\ゲームプログラミングⅲ・ⅳ（配布）\ゲームプログラミングⅲ・ⅳ\obj\x64\debug\framework.obj
c:\users\2210080\documents\授業関連\2年\ゲームプログラミングⅲ・ⅳ（配布）\ゲームプログラミングⅲ・ⅳ\obj\x64\debug\audiosource.obj
c:\users\2210080\documents\授業関連\2年\ゲームプログラミングⅲ・ⅳ（配布）\ゲームプログラミングⅲ・ⅳ\obj\x64\debug\sprite.obj
c:\users\2210080\documents\授業関連\2年\ゲームプログラミングⅲ・ⅳ（配布）\ゲームプログラミングⅲ・ⅳ\obj\x64\debug\debugrenderer.obj
c:\users\2210080\documents\授業関連\2年\ゲームプログラミングⅲ・ⅳ（配布）\ゲームプログラミングⅲ・ⅳ\obj\x64\debug\scenegame.obj
c:\users\2210080\documents\授業関連\2年\ゲームプログラミングⅲ・ⅳ（配布）\ゲームプログラミングⅲ・ⅳ\obj\x64\debug\imgui.obj
c:\users\2210080\documents\授業関連\2年\ゲームプログラミングⅲ・ⅳ（配布）\ゲームプログラミングⅲ・ⅳ\obj\x64\debug\modelresource.obj
c:\users\2210080\documents\授業関連\2年\ゲームプログラミングⅲ・ⅳ（配布）\ゲームプログラミングⅲ・ⅳ\obj\x64\debug\imgui_demo.obj
c:\users\2210080\documents\授業関連\2年\ゲームプログラミングⅲ・ⅳ（配布）\ゲームプログラミングⅲ・ⅳ\obj\x64\debug\linerenderer.obj
c:\users\2210080\documents\授業関連\2年\ゲームプログラミングⅲ・ⅳ（配布）\ゲームプログラミングⅲ・ⅳ\obj\x64\debug\imgui_widgets.obj
c:\users\2210080\documents\授業関連\2年\ゲームプログラミングⅲ・ⅳ（配布）\ゲームプログラミングⅲ・ⅳ\obj\x64\debug\model.obj
c:\users\2210080\documents\授業関連\2年\ゲームプログラミングⅲ・ⅳ（配布）\ゲームプログラミングⅲ・ⅳ\obj\x64\debug\imguirenderer.obj
c:\users\2210080\documents\授業関連\2年\ゲームプログラミングⅲ・ⅳ（配布）\ゲームプログラミングⅲ・ⅳ\obj\x64\debug\graphics.obj
c:\users\2210080\documents\授業関連\2年\ゲームプログラミングⅲ・ⅳ（配布）\ゲームプログラミングⅲ・ⅳ\obj\x64\debug\imgui_draw.obj
c:\users\2210080\documents\授業関連\2年\ゲームプログラミングⅲ・ⅳ（配布）\ゲームプログラミングⅲ・ⅳ\obj\x64\debug\lambertshader.obj
c:\users\2210080\documents\授業関連\2年\ゲームプログラミングⅲ・ⅳ（配布）\ゲームプログラミングⅲ・ⅳ\obj\x64\debug\audio.obj
c:\users\2210080\documents\授業関連\2年\ゲームプログラミングⅲ・ⅳ（配布）\ゲームプログラミングⅲ・ⅳ\obj\x64\debug\gamepad.obj
c:\users\2210080\documents\授業関連\2年\ゲームプログラミングⅲ・ⅳ（配布）\ゲームプログラミングⅲ・ⅳ\obj\x64\debug\logger.obj
c:\users\2210080\documents\授業関連\2年\ゲームプログラミングⅲ・ⅳ（配布）\ゲームプログラミングⅲ・ⅳ\obj\x64\debug\wictextureloader.obj
c:\users\2210080\documents\授業関連\2年\ゲームプログラミングⅲ・ⅳ（配布）\ゲームプログラミングⅲ・ⅳ\obj\x64\debug\mouse.obj
c:\users\2210080\documents\授業関連\2年\ゲームプログラミングⅲ・ⅳ（配布）\ゲームプログラミングⅲ・ⅳ\obj\x64\debug\audioresource.obj
c:\users\2210080\documents\授業関連\2年\ゲームプログラミングⅲ・ⅳ（配布）\ゲームプログラミングⅲ・ⅳ\obj\x64\debug\input.obj
c:\users\2210080\documents\授業関連\2年\ゲームプログラミングⅲ・ⅳ（配布）\ゲームプログラミングⅲ・ⅳ\obj\x64\debug\main.obj
c:\users\2210080\documents\授業関連\2年\ゲームプログラミングⅲ・ⅳ（配布）\ゲームプログラミングⅲ・ⅳ\obj\x64\debug\vc142.pdb
c:\users\2210080\documents\授業関連\2年\ゲームプログラミングⅲ・ⅳ（配布）\ゲームプログラミングⅲ・ⅳ\obj\x64\debug\stage.obj
c:\users\2210080\documents\授業関連\2年\ゲームプログラミングⅲ・ⅳ（配布）\ゲームプログラミングⅲ・ⅳ\obj\x64\debug\player.obj
c:\users\2210080\documents\授業関連\2年\ゲームプログラミングⅲ・ⅳ（配布）\ゲームプログラミングⅲ・ⅳ\obj\x64\debug\camera.obj
c:\users\2210080\documents\授業関連\2年\ゲームプログラミングⅲ・ⅳ（配布）\ゲームプログラミングⅲ・ⅳ\obj\x64\debug\vc142.idb
c:\users\2210080\documents\授業関連\2年\ゲームプログラミングⅲ・ⅳ（配布）\ゲームプログラミングⅲ・ⅳ\obj\x64\debug\cameracontroller.obj
c:\users\2210080\documents\授業関連\2年\ゲームプログラミングⅲ・ⅳ（配布）\ゲームプログラミングⅲ・ⅳ\obj\x64\debug\character.obj
c:\users\2210080\documents\授業関連\2年\ゲームプログラミングⅲ・ⅳ（配布）\ゲームプログラミングⅲ・ⅳ\shader\debugps.cod
c:\users\2210080\documents\授業関連\2年\ゲームプログラミングⅲ・ⅳ（配布）\ゲームプログラミングⅲ・ⅳ\shader\debugps.cso
c:\users\2210080\documents\授業関連\2年\ゲームプログラミングⅲ・ⅳ（配布）\ゲームプログラミングⅲ・ⅳ\shader\debugvs.cod
c:\users\2210080\documents\授業関連\2年\ゲームプログラミングⅲ・ⅳ（配布）\ゲームプログラミングⅲ・ⅳ\shader\debugvs.cso
c:\users\2210080\documents\授業関連\2年\ゲームプログラミングⅲ・ⅳ（配布）\ゲームプログラミングⅲ・ⅳ\shader\imguips.cod
c:\users\2210080\documents\授業関連\2年\ゲームプログラミングⅲ・ⅳ（配布）\ゲームプログラミングⅲ・ⅳ\shader\imguips.cso
c:\users\2210080\documents\授業関連\2年\ゲームプログラミングⅲ・ⅳ（配布）\ゲームプログラミングⅲ・ⅳ\shader\imguivs.cod
c:\users\2210080\documents\授業関連\2年\ゲームプログラミングⅲ・ⅳ（配布）\ゲームプログラミングⅲ・ⅳ\shader\imguivs.cso
c:\users\2210080\documents\授業関連\2年\ゲームプログラミングⅲ・ⅳ（配布）\ゲームプログラミングⅲ・ⅳ\shader\lambertps.cod
c:\users\2210080\documents\授業関連\2年\ゲームプログラミングⅲ・ⅳ（配布）\ゲームプログラミングⅲ・ⅳ\shader\lambertps.cso
c:\users\2210080\documents\授業関連\2年\ゲームプログラミングⅲ・ⅳ（配布）\ゲームプログラミングⅲ・ⅳ\shader\lambertvs.cod
c:\users\2210080\documents\授業関連\2年\ゲームプログラミングⅲ・ⅳ（配布）\ゲームプログラミングⅲ・ⅳ\shader\lambertvs.cso
c:\users\2210080\documents\授業関連\2年\ゲームプログラミングⅲ・ⅳ（配布）\ゲームプログラミングⅲ・ⅳ\shader\lineps.cod
c:\users\2210080\documents\授業関連\2年\ゲームプログラミングⅲ・ⅳ（配布）\ゲームプログラミングⅲ・ⅳ\shader\lineps.cso
c:\users\2210080\documents\授業関連\2年\ゲームプログラミングⅲ・ⅳ（配布）\ゲームプログラミングⅲ・ⅳ\shader\linevs.cod
c:\users\2210080\documents\授業関連\2年\ゲームプログラミングⅲ・ⅳ（配布）\ゲームプログラミングⅲ・ⅳ\shader\linevs.cso
c:\users\2210080\documents\授業関連\2年\ゲームプログラミングⅲ・ⅳ（配布）\ゲームプログラミングⅲ・ⅳ\shader\spriteps.cod
c:\users\2210080\documents\授業関連\2年\ゲームプログラミングⅲ・ⅳ（配布）\ゲームプログラミングⅲ・ⅳ\shader\spriteps.cso
c:\users\2210080\documents\授業関連\2年\ゲームプログラミングⅲ・ⅳ（配布）\ゲームプログラミングⅲ・ⅳ\shader\spritevs.cod
c:\users\2210080\documents\授業関連\2年\ゲームプログラミングⅲ・ⅳ（配布）\ゲームプログラミングⅲ・ⅳ\shader\spritevs.cso
c:\users\2210080\documents\授業関連\2年\ゲームプログラミングⅲ・ⅳ（配布）\ゲームプログラミングⅲ・ⅳ\bin\x64\debug\game.lib
c:\users\2210080\documents\授業関連\2年\ゲームプログラミングⅲ・ⅳ（配布）\ゲームプログラミングⅲ・ⅳ\bin\x64\debug\game.exp
c:\users\2210080\documents\授業関連\2年\ゲームプログラミングⅲ・ⅳ（配布）\ゲームプログラミングⅲ・ⅳ\bin\x64\debug\game.exe
c:\users\2210080\documents\授業関連\2年\ゲームプログラミングⅲ・ⅳ（配布）\ゲームプログラミングⅲ・ⅳ\bin\x64\debug\game.ilk
c:\users\2210080\documents\授業関連\2年\ゲームプログラミングⅲ・ⅳ（配布）\ゲームプログラミングⅲ・ⅳ\bin\x64\debug\game.pdb
c:\users\2210080\documents\授業関連\2年\ゲームプログラミングⅲ・ⅳ（配布）\ゲームプログラミングⅲ・ⅳ\obj\x64\debug\game.tlog\cl.command.1.tlog
c:\users\2210080\documents\授業関連\2年\ゲームプログラミングⅲ・ⅳ（配布）\ゲームプログラミングⅲ・ⅳ\obj\x64\debug\game.tlog\cl.read.1.tlog
c:\users\2210080\documents\授業関連\2年\ゲームプログラミングⅲ・ⅳ（配布）\ゲームプログラミングⅲ・ⅳ\obj\x64\debug\game.tlog\cl.write.1.tlog
c:\users\2210080\documents\授業関連\2年\ゲームプログラミングⅲ・ⅳ（配布）\ゲームプログラミングⅲ・ⅳ\obj\x64\debug\game.tlog\fxc.command.1.tlog
c:\users\2210080\documents\授業関連\2年\ゲームプログラミングⅲ・ⅳ（配布）\ゲームプログラミングⅲ・ⅳ\obj\x64\debug\game.tlog\fxc.read.1.tlog
c:\users\2210080\documents\授業関連\2年\ゲームプログラミングⅲ・ⅳ（配布）\ゲームプログラミングⅲ・ⅳ\obj\x64\debug\game.tlog\fxc.write.1.tlog
c:\users\2210080\documents\授業関連\2年\ゲームプログラミングⅲ・ⅳ（配布）\ゲームプログラミングⅲ・ⅳ\obj\x64\debug\game.tlog\game.write.1u.tlog
c:\users\2210080\documents\授業関連\2年\ゲームプログラミングⅲ・ⅳ（配布）\ゲームプログラミングⅲ・ⅳ\obj\x64\debug\game.tlog\link.command.1.tlog
c:\users\2210080\documents\授業関連\2年\ゲームプログラミングⅲ・ⅳ（配布）\ゲームプログラミングⅲ・ⅳ\obj\x64\debug\game.tlog\link.read.1.tlog
c:\users\2210080\documents\授業関連\2年\ゲームプログラミングⅲ・ⅳ（配布）\ゲームプログラミングⅲ・ⅳ\obj\x64\debug\game.tlog\link.write.1.tlog
